# JRE version: Java(TM) SE Runtime Environment (8.0_172-b11) (build 1.8.0_172-b11)
# Java VM: Java HotSpot(TM) 64-Bit Server VM (25.172-b11 mixed mode windows-amd64 compressed oops)
Heap:
 PSYoungGen      total 394752K, used 298066K [0x000000076af00000, 0x0000000785f80000, 0x00000007c0000000)
  eden space 376320K, 74% used [0x000000076af00000,0x000000077c0157a0,0x0000000781e80000)
  from space 18432K, 99% used [0x0000000784d80000,0x0000000785f7f1b8,0x0000000785f80000)
  to   space 24064K, 0% used [0x0000000783080000,0x0000000783080000,0x0000000784800000)
 ParOldGen       total 226816K, used 43224K [0x00000006c0c00000, 0x00000006ce980000, 0x000000076af00000)
  object space 226816K, 19% used [0x00000006c0c00000,0x00000006c3636198,0x00000006ce980000)
 Metaspace       used 76457K, capacity 79762K, committed 79960K, reserved 1118208K
  class space    used 9902K, capacity 10562K, committed 10624K, reserved 1048576K
GC Heap History (10 events):
Event: 2.984 GC heap before
{Heap before GC invocations=9 (full 2):
 PSYoungGen      total 224256K, used 15255K [0x000000076af00000, 0x0000000780b80000, 0x00000007c0000000)
  eden space 208896K, 0% used [0x000000076af00000,0x000000076af00000,0x0000000777b00000)
  from space 15360K, 99% used [0x0000000777b00000,0x00000007789e5fe0,0x0000000778a00000)
  to   space 17408K, 0% used [0x000000077fa80000,0x000000077fa80000,0x0000000780b80000)
 ParOldGen       total 95744K, used 9385K [0x00000006c0c00000, 0x00000006c6980000, 0x000000076af00000)
  object space 95744K, 9% used [0x00000006c0c00000,0x00000006c152a658,0x00000006c6980000)
 Metaspace       used 34024K, capacity 35336K, committed 35416K, reserved 1079296K
  class space    used 4376K, capacity 4672K, committed 4736K, reserved 1048576K
Event: 3.023 GC heap after
Heap after GC invocations=9 (full 2):
 PSYoungGen      total 224256K, used 0K [0x000000076af00000, 0x0000000780b80000, 0x00000007c0000000)
  eden space 208896K, 0% used [0x000000076af00000,0x000000076af00000,0x0000000777b00000)
  from space 15360K, 0% used [0x0000000777b00000,0x0000000777b00000,0x0000000778a00000)
  to   space 17408K, 0% used [0x000000077fa80000,0x000000077fa80000,0x0000000780b80000)
 ParOldGen       total 150016K, used 20346K [0x00000006c0c00000, 0x00000006c9e80000, 0x000000076af00000)
  object space 150016K, 13% used [0x00000006c0c00000,0x00000006c1fde8b0,0x00000006c9e80000)
 Metaspace       used 34024K, capacity 35336K, committed 35416K, reserved 1079296K
  class space    used 4376K, capacity 4672K, committed 4736K, reserved 1048576K
}
Event: 3.889 GC heap before
{Heap before GC invocations=10 (full 2):
 PSYoungGen      total 224256K, used 208896K [0x000000076af00000, 0x0000000780b80000, 0x00000007c0000000)
  eden space 208896K, 100% used [0x000000076af00000,0x0000000777b00000,0x0000000777b00000)
  from space 15360K, 0% used [0x0000000777b00000,0x0000000777b00000,0x0000000778a00000)
  to   space 17408K, 0% used [0x000000077fa80000,0x000000077fa80000,0x0000000780b80000)
 ParOldGen       total 150016K, used 20346K [0x00000006c0c00000, 0x00000006c9e80000, 0x000000076af00000)
  object space 150016K, 13% used [0x00000006c0c00000,0x00000006c1fde8b0,0x00000006c9e80000)
 Metaspace       used 38889K, capacity 40566K, committed 40920K, reserved 1085440K
  class space    used 4961K, capacity 5295K, committed 5376K, reserved 1048576K
Event: 3.896 GC heap after
Heap after GC invocations=10 (full 2):
 PSYoungGen      total 324096K, used 9808K [0x000000076af00000, 0x0000000780480000, 0x00000007c0000000)
  eden space 313856K, 0% used [0x000000076af00000,0x000000076af00000,0x000000077e180000)
  from space 10240K, 95% used [0x000000077fa80000,0x0000000780414320,0x0000000780480000)
  to   space 16896K, 0% used [0x000000077e380000,0x000000077e380000,0x000000077f400000)
 ParOldGen       total 150016K, used 20354K [0x00000006c0c00000, 0x00000006c9e80000, 0x000000076af00000)
  object space 150016K, 13% used [0x00000006c0c00000,0x00000006c1fe08b0,0x00000006c9e80000)
 Metaspace       used 38889K, capacity 40566K, committed 40920K, reserved 1085440K
  class space    used 4961K, capacity 5295K, committed 5376K, reserved 1048576K
}
Event: 5.411 GC heap before
{Heap before GC invocations=11 (full 2):
 PSYoungGen      total 324096K, used 241814K [0x000000076af00000, 0x0000000780480000, 0x00000007c0000000)
  eden space 313856K, 73% used [0x000000076af00000,0x0000000779191780,0x000000077e180000)
  from space 10240K, 95% used [0x000000077fa80000,0x0000000780414320,0x0000000780480000)
  to   space 16896K, 0% used [0x000000077e380000,0x000000077e380000,0x000000077f400000)
 ParOldGen       total 150016K, used 20354K [0x00000006c0c00000, 0x00000006c9e80000, 0x000000076af00000)
  object space 150016K, 13% used [0x00000006c0c00000,0x00000006c1fe08b0,0x00000006c9e80000)
 Metaspace       used 56738K, capacity 58896K, committed 58968K, reserved 1099776K
  class space    used 7411K, capacity 7796K, committed 7808K, reserved 1048576K
Event: 5.425 GC heap after
Heap after GC invocations=11 (full 2):
 PSYoungGen      total 332800K, used 16869K [0x000000076af00000, 0x0000000786380000, 0x00000007c0000000)
  eden space 315904K, 0% used [0x000000076af00000,0x000000076af00000,0x000000077e380000)
  from space 16896K, 99% used [0x000000077e380000,0x000000077f3f9658,0x000000077f400000)
  to   space 22528K, 0% used [0x0000000784d80000,0x0000000784d80000,0x0000000786380000)
 ParOldGen       total 150016K, used 29697K [0x00000006c0c00000, 0x00000006c9e80000, 0x000000076af00000)
  object space 150016K, 19% used [0x00000006c0c00000,0x00000006c2900418,0x00000006c9e80000)
 Metaspace       used 56738K, capacity 58896K, committed 58968K, reserved 1099776K
  class space    used 7411K, capacity 7796K, committed 7808K, reserved 1048576K
}
Event: 5.426 GC heap before
{Heap before GC invocations=12 (full 3):
 PSYoungGen      total 332800K, used 16869K [0x000000076af00000, 0x0000000786380000, 0x00000007c0000000)
  eden space 315904K, 0% used [0x000000076af00000,0x000000076af00000,0x000000077e380000)
  from space 16896K, 99% used [0x000000077e380000,0x000000077f3f9658,0x000000077f400000)
  to   space 22528K, 0% used [0x0000000784d80000,0x0000000784d80000,0x0000000786380000)
 ParOldGen       total 150016K, used 29697K [0x00000006c0c00000, 0x00000006c9e80000, 0x000000076af00000)
  object space 150016K, 19% used [0x00000006c0c00000,0x00000006c2900418,0x00000006c9e80000)
 Metaspace       used 56738K, capacity 58896K, committed 58968K, reserved 1099776K
  class space    used 7411K, capacity 7796K, committed 7808K, reserved 1048576K
Event: 5.576 GC heap after
Heap after GC invocations=12 (full 3):
 PSYoungGen      total 332800K, used 0K [0x000000076af00000, 0x0000000786380000, 0x00000007c0000000)
  eden space 315904K, 0% used [0x000000076af00000,0x000000076af00000,0x000000077e380000)
  from space 16896K, 0% used [0x000000077e380000,0x000000077e380000,0x000000077f400000)
  to   space 22528K, 0% used [0x0000000784d80000,0x0000000784d80000,0x0000000786380000)
 ParOldGen       total 226816K, used 43216K [0x00000006c0c00000, 0x00000006ce980000, 0x000000076af00000)
  object space 226816K, 19% used [0x00000006c0c00000,0x00000006c3634198,0x00000006ce980000)
 Metaspace       used 56738K, capacity 58896K, committed 58968K, reserved 1099776K
  class space    used 7411K, capacity 7796K, committed 7808K, reserved 1048576K
}
Event: 7.233 GC heap before
{Heap before GC invocations=13 (full 3):
 PSYoungGen      total 332800K, used 315904K [0x000000076af00000, 0x0000000786380000, 0x00000007c0000000)
  eden space 315904K, 100% used [0x000000076af00000,0x000000077e380000,0x000000077e380000)
  from space 16896K, 0% used [0x000000077e380000,0x000000077e380000,0x000000077f400000)
  to   space 22528K, 0% used [0x0000000784d80000,0x0000000784d80000,0x0000000786380000)
 ParOldGen       total 226816K, used 43216K [0x00000006c0c00000, 0x00000006ce980000, 0x000000076af00000)
  object space 226816K, 19% used [0x00000006c0c00000,0x00000006c3634198,0x00000006ce980000)
 Metaspace       used 65184K, capacity 67834K, committed 68056K, reserved 1107968K
  class space    used 8503K, capacity 8960K, committed 8960K, reserved 1048576K
Event: 7.249 GC heap after
Heap after GC invocations=13 (full 3):
 PSYoungGen      total 394752K, used 18428K [0x000000076af00000, 0x0000000785f80000, 0x00000007c0000000)
  eden space 376320K, 0% used [0x000000076af00000,0x000000076af00000,0x0000000781e80000)
  from space 18432K, 99% used [0x0000000784d80000,0x0000000785f7f1b8,0x0000000785f80000)
  to   space 24064K, 0% used [0x0000000783080000,0x0000000783080000,0x0000000784800000)
 ParOldGen       total 226816K, used 43224K [0x00000006c0c00000, 0x00000006ce980000, 0x000000076af00000)
  object space 226816K, 19% used [0x00000006c0c00000,0x00000006c3636198,0x00000006ce980000)
 Metaspace       used 65184K, capacity 67834K, committed 68056K, reserved 1107968K
  class space    used 8503K, capacity 8960K, committed 8960K, reserved 1048576K
}

